usage: run-mtg-pipeline train [-h] [--processed-dir PROCESSED_DIR]
                              [--docs-dir DOCS_DIR]
                              [--experiment-dir EXPERIMENT_DIR]
                              [--manifest-path MANIFEST_PATH] [--list-stages]
                              [--dry-run]
                              [--model {decision_tree,gradient_boosting,knn,linear_svc,logistic_regression,naive_bayes,random_forest}]
                              [--feature {df,bc}]
                              [--experiments-drive-remote EXPERIMENTS_DRIVE_REMOTE]
                              [--rclone-bin RCLONE_BIN] [--run-local]
                              [--no-wait-drive-upload] [--bc-min-df BC_MIN_DF]
                              [--use-tfidf] [--outer-splits OUTER_SPLITS]
                              [--inner-splits INNER_SPLITS]
                              [--repeats REPEATS [REPEATS ...]]
                              [--random-state RANDOM_STATE]
                              [--grid-n-jobs GRID_N_JOBS]
                              [--grid-verbose GRID_VERBOSE]
                              [--estimator-n-jobs ESTIMATOR_N_JOBS]
                              [--max-rows MAX_ROWS]
                              [--max-grid-values MAX_GRID_VALUES]
                              [--no-merge-existing-models] [--force-rerun]
                              [--from-spot-check] [--no-from-spot-check]
                              [--spot-check-summary SPOT_CHECK_SUMMARY]
                              [--skip-voting] [--quiet-progress]
run-mtg-pipeline train: error: argument --model: invalid choice: 'linear_regreession' (choose from decision_tree, gradient_boosting, knn, linear_svc, logistic_regression, naive_bayes, random_forest)
