\BOOKMARK [1][-]{section.1}{\376\377\000I\000n\000t\000r\000o\000d\000u\000c\000t\000i\000o\000n}{}% 1
\BOOKMARK [1][-]{section.2}{\376\377\000B\000a\000c\000k\000g\000r\000o\000u\000n\000d}{}% 2
\BOOKMARK [2][-]{subsection.2.1}{\376\377\000M\000a\000g\000i\000c\000:\000\040\000T\000h\000e\000\040\000G\000a\000t\000h\000e\000r\000i\000n\000g}{section.2}% 3
\BOOKMARK [2][-]{subsection.2.2}{\376\377\000C\000o\000m\000m\000a\000n\000d\000e\000r}{section.2}% 4
\BOOKMARK [2][-]{subsection.2.3}{\376\377\000W\000h\000y\000\040\000p\000o\000w\000e\000r\000\040\000b\000a\000l\000a\000n\000c\000e\000\040\000m\000a\000t\000t\000e\000r\000s}{section.2}% 5
\BOOKMARK [2][-]{subsection.2.4}{\376\377\000C\000o\000m\000m\000a\000n\000d\000e\000r\000\040\000B\000r\000a\000c\000k\000e\000t\000s\000\040\000\050\000c\000o\000m\000m\000u\000n\000i\000t\000y\000\040\000l\000a\000b\000e\000l\000\040\000y\000\137\000a\000r\000c\000h\000\051}{section.2}% 6
\BOOKMARK [2][-]{subsection.2.5}{\376\377\000A\000u\000t\000o\000m\000a\000t\000e\000d\000\040\000c\000a\000l\000c\000u\000l\000a\000t\000o\000r\000s\000\040\000\050\000c\000a\000l\000c\000u\000l\000a\000t\000o\000r\000\040\000l\000a\000b\000e\000l\000\040\000y\000\137\000c\000a\000l\000c\000\051}{section.2}% 7
\BOOKMARK [1][-]{section.3}{\376\377\000D\000a\000t\000a\000s\000e\000t\000\040\000C\000o\000n\000s\000t\000r\000u\000c\000t\000i\000o\000n}{}% 8
\BOOKMARK [2][-]{subsection.3.1}{\376\377\000D\000a\000t\000a\000\040\000s\000o\000u\000r\000c\000e\000s}{section.3}% 9
\BOOKMARK [2][-]{subsection.3.2}{\376\377\000E\000x\000t\000r\000a\000c\000t\000i\000o\000n\000\040\000p\000i\000p\000e\000l\000i\000n\000e}{section.3}% 10
\BOOKMARK [2][-]{subsection.3.3}{\376\377\000L\000a\000b\000e\000l\000s}{section.3}% 11
\BOOKMARK [2][-]{subsection.3.4}{\376\377\000E\000x\000p\000l\000o\000r\000a\000t\000o\000r\000y\000\040\000a\000n\000a\000l\000y\000s\000i\000s\000\040\000o\000f\000\040\000t\000h\000e\000\040\000d\000i\000v\000e\000r\000g\000e\000n\000c\000e}{section.3}% 12
\BOOKMARK [2][-]{subsection.3.5}{\376\377\000B\000a\000g\000\040\000o\000f\000\040\000C\000a\000r\000d\000s\000\040\000\050\000B\000C\000\051}{section.3}% 13
\BOOKMARK [2][-]{subsection.3.6}{\376\377\000D\000e\000c\000k\000\040\000F\000e\000a\000t\000u\000r\000e\000s\000\040\000\050\000D\000F\000\051}{section.3}% 14
\BOOKMARK [1][-]{section.4}{\376\377\000S\000p\000o\000t\000-\000C\000h\000e\000c\000k\000i\000n\000g}{}% 15
\BOOKMARK [2][-]{subsection.4.1}{\376\377\000A\000l\000g\000o\000r\000i\000t\000h\000m\000\040\000p\000o\000o\000l}{section.4}% 16
\BOOKMARK [2][-]{subsection.4.2}{\376\377\000H\000o\000l\000d\000-\000o\000u\000t\000\040\000p\000r\000o\000t\000o\000c\000o\000l}{section.4}% 17
\BOOKMARK [2][-]{subsection.4.3}{\376\377\000R\000e\000s\000u\000l\000t\000s\000\040\000a\000n\000d\000\040\000s\000e\000l\000e\000c\000t\000i\000o\000n}{section.4}% 18
\BOOKMARK [1][-]{section.5}{\376\377\000T\000r\000a\000i\000n\000i\000n\000g\000\040\000a\000n\000d\000\040\000M\000o\000d\000e\000l\000\040\000S\000e\000l\000e\000c\000t\000i\000o\000n}{}% 19
\BOOKMARK [2][-]{subsection.5.1}{\376\377\000N\000e\000s\000t\000e\000d\000\040\000c\000r\000o\000s\000s\000-\000v\000a\000l\000i\000d\000a\000t\000i\000o\000n}{section.5}% 20
\BOOKMARK [2][-]{subsection.5.2}{\376\377\000P\000e\000r\000-\000f\000o\000l\000d\000\040\000p\000r\000e\000p\000r\000o\000c\000e\000s\000s\000i\000n\000g}{section.5}% 21
\BOOKMARK [2][-]{subsection.5.3}{\376\377\000H\000y\000p\000e\000r\000p\000a\000r\000a\000m\000e\000t\000e\000r\000\040\000g\000r\000i\000d\000s}{section.5}% 22
\BOOKMARK [2][-]{subsection.5.4}{\376\377\000E\000v\000a\000l\000u\000a\000t\000i\000o\000n\000\040\000m\000e\000t\000r\000i\000c\000s}{section.5}% 23
\BOOKMARK [2][-]{subsection.5.5}{\376\377\000R\000e\000s\000u\000l\000t\000s}{section.5}% 24
\BOOKMARK [2][-]{subsection.5.6}{\376\377\000V\000o\000t\000i\000n\000g\000\040\000e\000n\000s\000e\000m\000b\000l\000e\000s}{section.5}% 25
\BOOKMARK [2][-]{subsection.5.7}{\376\377\000S\000e\000l\000e\000c\000t\000e\000d\000\040\000m\000o\000d\000e\000l\000s}{section.5}% 26
\BOOKMARK [1][-]{section.6}{\376\377\000M\000o\000d\000e\000l\000-\000C\000a\000l\000c\000u\000l\000a\000t\000o\000r\000\040\000C\000o\000m\000p\000a\000r\000i\000s\000o\000n}{}% 27
\BOOKMARK [1][-]{section.7}{\376\377\000I\000n\000t\000e\000r\000p\000r\000e\000t\000a\000b\000i\000l\000i\000t\000y}{}% 28
\BOOKMARK [2][-]{subsection.7.1}{\376\377\000D\000e\000c\000k\000\040\000F\000e\000a\000t\000u\000r\000e\000s}{section.7}% 29
\BOOKMARK [2][-]{subsection.7.2}{\376\377\000B\000a\000g\000\040\000o\000f\000\040\000C\000a\000r\000d\000s}{section.7}% 30
\BOOKMARK [1][-]{section.8}{\376\377\000C\000o\000n\000c\000l\000u\000s\000i\000o\000n}{}% 31
\BOOKMARK [2][-]{subsection.8.1}{\376\377\000D\000i\000s\000c\000u\000s\000s\000i\000o\000n\000,\000\040\000L\000i\000m\000i\000t\000a\000t\000i\000o\000n\000s\000,\000\040\000a\000n\000d\000\040\000F\000u\000t\000u\000r\000e\000\040\000W\000o\000r\000k}{section.8}% 32
\BOOKMARK [1][-]{appendix.A}{\376\377\000M\000T\000G\000\040\000T\000e\000r\000m\000i\000n\000o\000l\000o\000g\000y\000\040\000a\000n\000d\000\040\000G\000a\000m\000e\000p\000l\000a\000y}{}% 33
\BOOKMARK [2][-]{subsection.A.1}{\376\377\000H\000o\000w\000\040\000a\000\040\000t\000u\000r\000n\000\040\000o\000f\000\040\000C\000o\000m\000m\000a\000n\000d\000e\000r\000\040\000i\000s\000\040\000p\000l\000a\000y\000e\000d}{appendix.A}% 34
\BOOKMARK [2][-]{subsection.A.2}{\376\377\000G\000a\000m\000e\000\040\000s\000t\000r\000u\000c\000t\000u\000r\000e}{appendix.A}% 35
\BOOKMARK [2][-]{subsection.A.3}{\376\377\000C\000a\000r\000d\000s\000,\000\040\000m\000a\000n\000a\000,\000\040\000a\000n\000d\000\040\000t\000h\000e\000\040\000c\000u\000r\000v\000e}{appendix.A}% 36
\BOOKMARK [2][-]{subsection.A.4}{\376\377\000P\000o\000w\000e\000r\000\040\000i\000n\000d\000i\000c\000a\000t\000o\000r\000s}{appendix.A}% 37
\BOOKMARK [2][-]{subsection.A.5}{\376\377\000K\000e\000y\000w\000o\000r\000d\000s}{appendix.A}% 38
\BOOKMARK [2][-]{subsection.A.6}{\376\377\000C\000o\000m\000m\000u\000n\000i\000t\000y\000\040\000r\000e\000s\000o\000u\000r\000c\000e\000s}{appendix.A}% 39
\BOOKMARK [1][-]{appendix.B}{\376\377\000P\000r\000e\000p\000r\000o\000c\000e\000s\000s\000i\000n\000g\000\040\040\024\000\040\000E\000x\000t\000e\000n\000d\000e\000d\000\040\000R\000a\000t\000i\000o\000n\000a\000l\000e}{}% 40
\BOOKMARK [1][-]{appendix.C}{\376\377\000D\000e\000c\000k\000\040\000F\000e\000a\000t\000u\000r\000e\000s\000\040\000\050\000D\000F\000\051\000\040\000C\000a\000t\000a\000l\000o\000g}{}% 41
\BOOKMARK [2][-]{subsection.C.1}{\376\377\000B\000a\000s\000i\000c\000\040\000s\000t\000r\000u\000c\000t\000u\000r\000e}{appendix.C}% 42
\BOOKMARK [2][-]{subsection.C.2}{\376\377\000C\000o\000l\000o\000r\000s\000\040\000a\000n\000d\000\040\000c\000o\000l\000o\000r\000\040\000i\000d\000e\000n\000t\000i\000t\000y}{appendix.C}% 43
\BOOKMARK [2][-]{subsection.C.3}{\376\377\000M\000a\000n\000a\000\040\000b\000a\000s\000e}{appendix.C}% 44
\BOOKMARK [2][-]{subsection.C.4}{\376\377\000M\000a\000n\000a\000\040\000c\000u\000r\000v\000e\000\040\000\050\000C\000M\000C\000\051}{appendix.C}% 45
\BOOKMARK [2][-]{subsection.C.5}{\376\377\000C\000a\000r\000d\000\040\000t\000y\000p\000e\000s}{appendix.C}% 46
\BOOKMARK [2][-]{subsection.C.6}{\376\377\000B\000r\000a\000c\000k\000e\000t\000-\000r\000e\000l\000e\000v\000a\000n\000t\000\040\000f\000l\000a\000g\000s}{appendix.C}% 47
\BOOKMARK [2][-]{subsection.C.7}{\376\377\000C\000o\000m\000b\000o\000\040\000d\000e\000n\000s\000i\000t\000y}{appendix.C}% 48
\BOOKMARK [2][-]{subsection.C.8}{\376\377\000P\000o\000p\000u\000l\000a\000r\000i\000t\000y\000,\000\040\000s\000a\000l\000t\000,\000\040\000a\000n\000d\000\040\000p\000r\000i\000c\000e}{appendix.C}% 49
\BOOKMARK [2][-]{subsection.C.9}{\376\377\000R\000a\000r\000i\000t\000y}{appendix.C}% 50
\BOOKMARK [2][-]{subsection.C.10}{\376\377\000K\000e\000y\000w\000o\000r\000d\000s}{appendix.C}% 51
\BOOKMARK [2][-]{subsection.C.11}{\376\377\000S\000u\000p\000e\000r\000-\000\040\000a\000n\000d\000\040\000s\000u\000b\000t\000y\000p\000e\000s}{appendix.C}% 52
\BOOKMARK [2][-]{subsection.C.12}{\376\377\000M\000u\000l\000t\000i\000f\000a\000c\000e\000\040\000l\000a\000y\000o\000u\000t\000s}{appendix.C}% 53
\BOOKMARK [1][-]{appendix.D}{\376\377\000D\000a\000t\000a\000s\000e\000t\000\040\000D\000i\000a\000g\000n\000o\000s\000t\000i\000c\000s}{}% 54
\BOOKMARK [1][-]{appendix.E}{\376\377\000S\000p\000o\000t\000-\000C\000h\000e\000c\000k\000i\000n\000g\000\040\040\024\000\040\000F\000u\000l\000l\000\040\000R\000e\000s\000u\000l\000t\000s}{}% 55
\BOOKMARK [1][-]{appendix.F}{\376\377\000T\000r\000a\000i\000n\000i\000n\000g\000\040\000V\000e\000r\000i\000f\000i\000c\000a\000t\000i\000o\000n\000\040\000a\000n\000d\000\040\000S\000t\000a\000t\000i\000s\000t\000i\000c\000a\000l\000\040\000T\000e\000s\000t\000s}{}% 56
\BOOKMARK [1][-]{appendix.G}{\376\377\000V\000o\000t\000i\000n\000g\000\040\000a\000n\000d\000\040\000M\000o\000d\000e\000l\000\040\000S\000e\000l\000e\000c\000t\000i\000o\000n\000\040\000D\000e\000t\000a\000i\000l\000s}{}% 57
\BOOKMARK [1][-]{appendix.H}{\376\377\000C\000a\000l\000c\000u\000l\000a\000t\000o\000r\000\040\000C\000o\000m\000p\000a\000r\000i\000s\000o\000n\000\040\000D\000e\000t\000a\000i\000l\000s}{}% 58
\BOOKMARK [1][-]{appendix.I}{\376\377\000I\000n\000t\000e\000r\000p\000r\000e\000t\000a\000b\000i\000l\000i\000t\000y\000\040\000D\000e\000t\000a\000i\000l\000s}{}% 59
\BOOKMARK [1][-]{appendix.J}{\376\377\000R\000e\000p\000r\000o\000d\000u\000c\000i\000b\000i\000l\000i\000t\000y\000\040\000a\000n\000d\000\040\000A\000I\000\040\000U\000s\000e}{}% 60
